2019-04-23 02:00:03.708  INFO 3400 --- [restartedMain] c.f.f.FinalprojectApplication            : Starting FinalprojectApplication on DESKTOP-DBOA032 with PID 3400 (started by lakith in C:\programming_life\library manegement\api-library-manegment)
2019-04-23 02:00:03.730  INFO 3400 --- [restartedMain] c.f.f.FinalprojectApplication            : No active profile set, falling back to default profiles: default
2019-04-23 02:00:03.845  INFO 3400 --- [restartedMain] .e.DevToolsPropertyDefaultsPostProcessor : Devtools property defaults active! Set 'spring.devtools.add-properties' to 'false' to disable
2019-04-23 02:00:03.846  INFO 3400 --- [restartedMain] .e.DevToolsPropertyDefaultsPostProcessor : For additional web related logging consider setting the 'logging.level.web' property to 'DEBUG'
2019-04-23 02:00:05.439  INFO 3400 --- [restartedMain] .s.d.r.c.RepositoryConfigurationDelegate : Bootstrapping Spring Data repositories in DEFAULT mode.
2019-04-23 02:00:05.594  INFO 3400 --- [restartedMain] .s.d.r.c.RepositoryConfigurationDelegate : Finished Spring Data repository scanning in 141ms. Found 8 repository interfaces.
2019-04-23 02:00:05.947  INFO 3400 --- [restartedMain] ptablePropertiesBeanFactoryPostProcessor : Post-processing PropertySource instances
2019-04-23 02:00:06.002  INFO 3400 --- [restartedMain] c.u.j.EncryptablePropertySourceConverter : Converting PropertySource configurationProperties [org.springframework.boot.context.properties.source.ConfigurationPropertySourcesPropertySource] to AOP Proxy
2019-04-23 02:00:06.003  INFO 3400 --- [restartedMain] c.u.j.EncryptablePropertySourceConverter : Converting PropertySource servletConfigInitParams [org.springframework.core.env.PropertySource$StubPropertySource] to EncryptablePropertySourceWrapper
2019-04-23 02:00:06.004  INFO 3400 --- [restartedMain] c.u.j.EncryptablePropertySourceConverter : Converting PropertySource servletContextInitParams [org.springframework.core.env.PropertySource$StubPropertySource] to EncryptablePropertySourceWrapper
2019-04-23 02:00:06.005  INFO 3400 --- [restartedMain] c.u.j.EncryptablePropertySourceConverter : Converting PropertySource systemProperties [org.springframework.core.env.MapPropertySource] to EncryptableMapPropertySourceWrapper
2019-04-23 02:00:06.005  INFO 3400 --- [restartedMain] c.u.j.EncryptablePropertySourceConverter : Converting PropertySource systemEnvironment [org.springframework.boot.env.SystemEnvironmentPropertySourceEnvironmentPostProcessor$OriginAwareSystemEnvironmentPropertySource] to EncryptableMapPropertySourceWrapper
2019-04-23 02:00:06.005  INFO 3400 --- [restartedMain] c.u.j.EncryptablePropertySourceConverter : Converting PropertySource random [org.springframework.boot.env.RandomValuePropertySource] to EncryptablePropertySourceWrapper
2019-04-23 02:00:06.006  INFO 3400 --- [restartedMain] c.u.j.EncryptablePropertySourceConverter : Converting PropertySource applicationConfig: [classpath:/application.properties] [org.springframework.boot.env.OriginTrackedMapPropertySource] to EncryptableMapPropertySourceWrapper
2019-04-23 02:00:06.006  INFO 3400 --- [restartedMain] c.u.j.EncryptablePropertySourceConverter : Converting PropertySource devtools [org.springframework.core.env.MapPropertySource] to EncryptableMapPropertySourceWrapper
2019-04-23 02:00:06.124  INFO 3400 --- [restartedMain] trationDelegate$BeanPostProcessorChecker : Bean 'org.springframework.transaction.annotation.ProxyTransactionManagementConfiguration' of type [org.springframework.transaction.annotation.ProxyTransactionManagementConfiguration$$EnhancerBySpringCGLIB$$ae454d2f] is not eligible for getting processed by all BeanPostProcessors (for example: not eligible for auto-proxying)
2019-04-23 02:00:06.220  INFO 3400 --- [restartedMain] c.u.j.r.DefaultLazyPropertyResolver      : Property Resolver custom Bean not found with name 'encryptablePropertyResolver'. Initializing Default Property Resolver
2019-04-23 02:00:06.222  INFO 3400 --- [restartedMain] c.u.j.d.DefaultLazyPropertyDetector      : Property Detector custom Bean not found with name 'encryptablePropertyDetector'. Initializing Default Property Detector
2019-04-23 02:00:06.772  INFO 3400 --- [restartedMain] o.s.b.w.embedded.tomcat.TomcatWebServer  : Tomcat initialized with port(s): 8081 (http)
2019-04-23 02:00:06.805  INFO 3400 --- [restartedMain] o.apache.catalina.core.StandardService   : Starting service [Tomcat]
2019-04-23 02:00:06.806  INFO 3400 --- [restartedMain] org.apache.catalina.core.StandardEngine  : Starting Servlet engine: [Apache Tomcat/9.0.14]
2019-04-23 02:00:06.815  INFO 3400 --- [restartedMain] o.a.catalina.core.AprLifecycleListener   : The APR based Apache Tomcat Native library which allows optimal performance in production environments was not found on the java.library.path: [C:\Program Files\Java\jdk1.8.0_191\bin;C:\WINDOWS\Sun\Java\bin;C:\WINDOWS\system32;C:\WINDOWS;C:\ProgramData\DockerDesktop\version-bin;C:\Program Files\Docker\Docker\Resources\bin;C:\Program Files (x86)\Common Files\Oracle\Java\javapath;C:\WINDOWS\system32;C:\WINDOWS;C:\WINDOWS\System32\Wbem;C:\WINDOWS\System32\WindowsPowerShell\v1.0\;C:\Program Files\Git\cmd;C:\Program Files\Java\jdk1.8.0_191\bin;C:\Program Files\Java\jre1.8.0_191\bin;C:\apache-maven-3.6.0-bin\apache-maven-3.6.0\bin;C:\Qt\Qt5.11.2\5.11.2\mingw53_32\bin;C:\Qt\Qt5.11.2\Tools\mingw530_32\bin;C:\Program Files\nodejs\;C:\WINDOWS\System32\OpenSSH\;C:\Program Files\doxygen\bin;C:\Program Files (x86)\Google\Cloud SDK\google-cloud-sdk\bin;C:\Program Files\OpenSSH\bin;C:\OpenSSL-Win64\bin;C:\flutter\flutter\bin;C:\Users\lakith\.windows-build-tools\python27\;C:\Program Files\nodejs\node_modules\npm\node_modules\npm-lifecycle\node-gyp-bin;C:\Users\lakith\AppData\Roaming\npm\node_modules\windows-build-tools\node_modules\.bin;C:\Users\lakith\AppData\Roaming\npm\node_modules\.bin;C:\ProgramData\DockerDesktop\version-bin;C:\Program Files\Docker\Docker\Resources\bin;C:\Program Files (x86)\Common Files\Oracle\Java\javapath;C:\WINDOWS\system32;C:\WINDOWS;C:\WINDOWS\System32\Wbem;C:\WINDOWS\System32\WindowsPowerShell\v1.0\;C:\Program Files\Git\cmd;C:\Program Files\Java\jdk1.8.0_191\bin;C:\Program Files\Java\jre1.8.0_191\bin;C:\apache-maven-3.6.0-bin\apache-maven-3.6.0\bin;C:\Qt\Qt5.11.2\5.11.2\mingw53_32\bin;C:\Qt\Qt5.11.2\Tools\mingw530_32\bin;C:\Program Files\nodejs\;C:\WINDOWS\System32\OpenSSH\;C:\Program Files\doxygen\bin;C:\Program Files (x86)\Google\Cloud SDK\google-cloud-sdk\bin;C:\Program Files\OpenSSH\bin;C:\OpenSSL-Win64\bin;C:\Users\lakith\AppData\Local\Programs\Python\Python37-32\Scripts\;C:\Users\lakith\AppData\Local\Programs\Python\Python37-32\;C:\Users\lakith\AppData\Local\Programs\Microsoft VS Code\bin;C:\Users\lakith\AppData\Roaming\npm;C:\Users\lakith\AppData\Local\Microsoft\WindowsApps;C:\flutter\flutter\bin;;.]
2019-04-23 02:00:06.989  INFO 3400 --- [restartedMain] o.a.c.c.C.[.[.[/api/invitation]          : Initializing Spring embedded WebApplicationContext
2019-04-23 02:00:06.989  INFO 3400 --- [restartedMain] o.s.web.context.ContextLoader            : Root WebApplicationContext: initialization completed in 3143 ms
2019-04-23 02:00:07.380  INFO 3400 --- [restartedMain] com.zaxxer.hikari.HikariDataSource       : HikariPool-1 - Starting...
2019-04-23 02:00:07.533  INFO 3400 --- [restartedMain] com.zaxxer.hikari.HikariDataSource       : HikariPool-1 - Start completed.
2019-04-23 02:00:07.617  INFO 3400 --- [restartedMain] o.hibernate.jpa.internal.util.LogHelper  : HHH000204: Processing PersistenceUnitInfo [
	name: default
	...]
2019-04-23 02:00:07.741  INFO 3400 --- [restartedMain] org.hibernate.Version                    : HHH000412: Hibernate Core {5.3.7.Final}
2019-04-23 02:00:07.742  INFO 3400 --- [restartedMain] org.hibernate.cfg.Environment            : HHH000206: hibernate.properties not found
2019-04-23 02:00:08.017  INFO 3400 --- [restartedMain] o.hibernate.annotations.common.Version   : HCANN000001: Hibernate Commons Annotations {5.0.4.Final}
2019-04-23 02:00:08.275  INFO 3400 --- [restartedMain] org.hibernate.dialect.Dialect            : HHH000400: Using dialect: org.hibernate.dialect.MySQL5InnoDBDialect
2019-04-23 02:00:09.489  INFO 3400 --- [restartedMain] j.LocalContainerEntityManagerFactoryBean : Initialized JPA EntityManagerFactory for persistence unit 'default'
2019-04-23 02:00:09.574  WARN 3400 --- [restartedMain] o.s.b.d.a.OptionalLiveReloadServer       : Unable to start LiveReload server
2019-04-23 02:00:10.118  INFO 3400 --- [restartedMain] o.h.h.i.QueryTranslatorFactoryInitiator  : HHH000397: Using ASTQueryTranslatorFactory
2019-04-23 02:00:10.614  INFO 3400 --- [restartedMain] o.s.s.web.DefaultSecurityFilterChain     : Creating filter chain: any request, [org.springframework.security.web.context.request.async.WebAsyncManagerIntegrationFilter@6a0fb4b4, org.springframework.security.web.context.SecurityContextPersistenceFilter@56cf4ecb, org.springframework.security.web.header.HeaderWriterFilter@3fa2e397, com.finalproj.finalproject.jwt.JwtTokenAuthenticationFilter@a3d3fcb, org.springframework.security.web.savedrequest.RequestCacheAwareFilter@9a17b37, org.springframework.security.web.servletapi.SecurityContextHolderAwareRequestFilter@2539ae0, org.springframework.security.web.authentication.AnonymousAuthenticationFilter@45f7a71c, org.springframework.security.web.session.SessionManagementFilter@f1dd1bf, org.springframework.security.web.access.ExceptionTranslationFilter@7ddc3d0f, org.springframework.security.web.access.intercept.FilterSecurityInterceptor@41b47c83]
2019-04-23 02:00:10.624  INFO 3400 --- [restartedMain] o.s.s.p.JdbcUserDetailsManager           : No authentication manager set. Reauthentication of users when changing passwords will not be performed.
2019-04-23 02:00:10.818  INFO 3400 --- [restartedMain] o.s.s.concurrent.ThreadPoolTaskExecutor  : Initializing ExecutorService 'applicationTaskExecutor'
2019-04-23 02:00:10.870  WARN 3400 --- [restartedMain] aWebConfiguration$JpaWebMvcConfiguration : spring.jpa.open-in-view is enabled by default. Therefore, database queries may be performed during view rendering. Explicitly configure spring.jpa.open-in-view to disable this warning
2019-04-23 02:00:11.141  INFO 3400 --- [restartedMain] o.s.b.w.embedded.tomcat.TomcatWebServer  : Tomcat started on port(s): 8081 (http) with context path '/api/invitation'
2019-04-23 02:00:11.145  INFO 3400 --- [restartedMain] c.f.f.FinalprojectApplication            : Started FinalprojectApplication in 8.586 seconds (JVM running for 10.629)
